<?xml version="1.0" encoding="UTF-8"?>
<!-- Generated by org.testng.reporters.JUnitReportReporter -->
<testsuite hostname="DESKTOP-HAIIK4K" failures="0" tests="1" name="seleniumbasics.TestNGAnnotations" time="0.022" errors="0" timestamp="2025-02-17T15:46:44 IST" skipped="0">
  <testcase classname="seleniumbasics.TestNGAnnotations" name="testCase1" time="0.022"/>
</testsuite> <!-- seleniumbasics.TestNGAnnotations -->
