<?xml version="1.0" encoding="UTF-8"?>
<!-- Generated by org.testng.reporters.JUnitReportReporter -->
<testsuite hostname="DESKTOP-HAIIK4K" failures="0" tests="1" name="seleniumbasics.LoginTest" time="51.132" errors="0" timestamp="2025-02-19T14:19:42 IST" skipped="0">
  <testcase classname="seleniumbasics.LoginTest" name="verifyUserLoginWithInalidUsernameAndValidPassword" time="51.132"/>
</testsuite> <!-- seleniumbasics.LoginTest -->
